Base path: C:/Program Files (x86)/Unity/Editor/Data
Pipe name: \\.\pipe\UnityShaderCompiler-1-15584
Cmd: getPlatforms
Cmd: preprocess
  insize=447 outsize=447 ok=1
Cmd: preprocess
  insize=1048 outsize=887 ok=1
Cmd: compileSnippet
  api=4 type=0 insize=4871 outsize=2607 kw=DIRECTIONAL SHADOWS_OFF LIGHTMAP_OFF DIRLIGHTMAP_OFF ok=1
Cmd: compileSnippet
  api=4 type=1 insize=4871 outsize=1453 kw=DIRECTIONAL SHADOWS_OFF LIGHTMAP_OFF DIRLIGHTMAP_OFF ok=1
Cmd: compileSnippet
  api=4 type=0 insize=2847 outsize=2875 kw=POINT ok=1
Cmd: compileSnippet
  api=4 type=1 insize=2847 outsize=1810 kw=POINT ok=1
Cmd: preprocess
  insize=1576 outsize=991 ok=1
Cmd: compileSnippet
  api=4 type=0 insize=867 outsize=1599 kw= ok=1
Cmd: compileSnippet
  api=4 type=1 insize=867 outsize=502 kw= ok=1
Cmd: preprocess
  insize=1500 outsize=667 ok=1
Cmd: compileSnippet
  api=4 type=0 insize=1135 outsize=1461 kw= ok=1
Cmd: compileSnippet
  api=4 type=1 insize=1135 outsize=1071 kw= ok=1
Cmd: compileSnippet
  api=4 type=0 insize=2847 outsize=1851 kw=DIRECTIONAL ok=1
Cmd: compileSnippet
  api=4 type=1 insize=2847 outsize=1339 kw=DIRECTIONAL ok=1
Cmd: preprocess
  insize=2965 outsize=1659 ok=1
Cmd: compileSnippet
  api=4 type=0 insize=1612 outsize=2005 kw= ok=1
Cmd: compileSnippet
  api=4 type=1 insize=1612 outsize=2070 kw= ok=1
Cmd: preprocess
  insize=5140 outsize=2085 ok=1
Cmd: compileSnippet
  api=4 type=0 insize=3359 outsize=2087 kw=WATER_REFRACTIVE ok=1
Cmd: compileSnippet
  api=4 type=1 insize=3359 outsize=2875 kw=WATER_REFRACTIVE ok=1
Cmd: preprocess
  insize=12913 outsize=2602 ok=1
Cmd: compileSnippet
  api=4 type=0 insize=10220 outsize=5369 kw=WATER_VERTEX_DISPLACEMENT_ON WATER_EDGEBLEND_ON WATER_REFLECTIVE ok=1
Cmd: compileSnippet
  api=4 type=1 insize=10220 outsize=5897 kw=WATER_VERTEX_DISPLACEMENT_ON WATER_EDGEBLEND_ON WATER_REFLECTIVE ok=1
Cmd: compileSnippet
  api=4 type=0 insize=10224 outsize=4979 kw=WATER_VERTEX_DISPLACEMENT_ON WATER_EDGEBLEND_ON WATER_REFLECTIVE ok=1
Cmd: compileSnippet
  api=4 type=1 insize=10224 outsize=4483 kw=WATER_VERTEX_DISPLACEMENT_ON WATER_EDGEBLEND_ON WATER_REFLECTIVE ok=1
Cmd: compileSnippet
  api=4 type=0 insize=9966 outsize=1875 kw= ok=1
Cmd: compileSnippet
  api=4 type=1 insize=9966 outsize=3070 kw= ok=1
Cmd: preprocess
  insize=12080 outsize=2481 ok=1
Cmd: compileSnippet
  api=4 type=0 insize=9506 outsize=5020 kw=WATER_VERTEX_DISPLACEMENT_ON WATER_EDGEBLEND_ON WATER_REFLECTIVE ok=1
Cmd: compileSnippet
  api=4 type=1 insize=9506 outsize=5003 kw=WATER_VERTEX_DISPLACEMENT_ON WATER_EDGEBLEND_ON WATER_REFLECTIVE ok=1
Cmd: compileSnippet
  api=4 type=0 insize=9510 outsize=4727 kw=WATER_VERTEX_DISPLACEMENT_ON WATER_EDGEBLEND_ON WATER_REFLECTIVE ok=1
Cmd: compileSnippet
  api=4 type=1 insize=9510 outsize=4215 kw=WATER_VERTEX_DISPLACEMENT_ON WATER_EDGEBLEND_ON WATER_REFLECTIVE ok=1
Cmd: compileSnippet
  api=4 type=0 insize=9252 outsize=1835 kw= ok=1
Cmd: compileSnippet
  api=4 type=1 insize=9252 outsize=3070 kw= ok=1
